<?xml version="1.0" encoding="UTF-8"?>
<!-- Generated by org.testng.reporters.JUnitReportReporter -->
<testsuite hostname="LAPTOP-FKESUHFA" name="org.testing.TestNgOrder" tests="3" failures="0" timestamp="12 Sep 2022 07:55:35 GMT" time="24.657" errors="0">
  <testcase name="tc3" time="9.925" classname="org.testing.TestNgOrder"/>
  <testcase name="tc3" time="7.644" classname="org.testing.TestNgOrder"/>
  <testcase name="tc2" time="7.088" classname="org.testing.TestNgOrder"/>
</testsuite> <!-- org.testing.TestNgOrder -->
