<?xml version="1.0" encoding="UTF-8"?>
<!-- Generated by org.testng.reporters.JUnitReportReporter -->
<testsuite hostname="LAPTOP-FKESUHFA" name="org.testing.DataProvide" tests="4" failures="0" timestamp="12 Sep 2022 08:01:06 GMT" time="32.399" errors="0">
  <testcase name="tc1" time="7.818" classname="org.testing.DataProvide"/>
  <testcase name="tc1" time="8.919" classname="org.testing.DataProvide"/>
  <testcase name="tc1" time="7.084" classname="org.testing.DataProvide"/>
  <testcase name="tc1" time="8.578" classname="org.testing.DataProvide"/>
</testsuite> <!-- org.testing.DataProvide -->
